2025-07-29 05:14:18,755 - ERROR - R2 credentials must be provided via arguments or environment variables:
2025-07-29 05:14:18,755 - ERROR -   --r2-endpoint or R2_ENDPOINT
2025-07-29 05:14:18,755 - ERROR -   --r2-access-key or R2_ACCESS_KEY
2025-07-29 05:14:18,755 - ERROR -   --r2-secret-key or R2_SECRET_KEY
2025-07-29 05:15:37,118 - ERROR - R2 credentials must be provided via arguments or environment variables:
2025-07-29 05:15:37,118 - ERROR -   --r2-endpoint or R2_ENDPOINT
2025-07-29 05:15:37,118 - ERROR -   --r2-access-key or R2_ACCESS_KEY
2025-07-29 05:15:37,118 - ERROR -   --r2-secret-key or R2_SECRET_KEY
2025-07-29 05:17:51,906 - ERROR - R2 credentials must be provided via arguments or environment variables:
2025-07-29 05:17:51,906 - ERROR -   --r2-endpoint or R2_ENDPOINT
2025-07-29 05:17:51,906 - ERROR -   --r2-access-key or R2_ACCESS_KEY
2025-07-29 05:17:51,906 - ERROR -   --r2-secret-key or R2_SECRET_KEY
2025-07-29 05:18:05,846 - ERROR - R2 credentials must be provided via arguments or environment variables:
2025-07-29 05:18:05,846 - ERROR -   --r2-endpoint or R2_ENDPOINT
2025-07-29 05:18:05,846 - ERROR -   --r2-access-key or R2_ACCESS_KEY
2025-07-29 05:18:05,846 - ERROR -   --r2-secret-key or R2_SECRET_KEY
2025-07-29 05:19:47,459 - WARNING - R2 credentials not provided. Set via environment variables or parameters.
2025-07-29 05:19:47,460 - INFO - Found matching file: 2930231616030-385606561555351_00001_.png
2025-07-29 05:19:47,460 - INFO - Found 1 matching PNG files
2025-07-29 05:19:47,495 - INFO - Converted 2930231616030-385606561555351_00001_.png to 2930231616030-385606561555351_00001_.jpg
2025-07-29 05:19:47,495 - INFO - ==================================================
2025-07-29 05:19:47,495 - INFO - PROCESSING SUMMARY
2025-07-29 05:19:47,495 - INFO - ==================================================
2025-07-29 05:19:47,495 - INFO - Files processed: 1
2025-07-29 05:19:47,495 - INFO - Successfully converted: 1
2025-07-29 05:19:47,495 - INFO - Successfully uploaded: 1
2025-07-29 05:19:47,495 - INFO - Files cleaned up: 0
2025-07-29 05:19:47,495 - INFO - Errors: 0
2025-07-29 05:20:48,837 - WARNING - R2 credentials not provided. Set via environment variables or parameters.
2025-07-29 05:20:48,837 - INFO - Found matching file: 2930231616030-385606561555351_00001_.png
2025-07-29 05:20:48,837 - INFO - Found 1 matching PNG files
2025-07-29 05:20:48,854 - INFO - Converted 2930231616030-385606561555351_00001_.png to 2930231616030-385606561555351_00001_.jpg
2025-07-29 05:20:48,854 - INFO - Processed filename: 2930231616030-385606561555351_00001_.jpg -> 2930231616030.jpg (seed: 385606561555351)
2025-07-29 05:20:48,854 - INFO - ==================================================
2025-07-29 05:20:48,854 - INFO - PROCESSING SUMMARY
2025-07-29 05:20:48,854 - INFO - ==================================================
2025-07-29 05:20:48,854 - INFO - Files processed: 1
2025-07-29 05:20:48,854 - INFO - Successfully converted: 1
2025-07-29 05:20:48,854 - INFO - Successfully uploaded: 1
2025-07-29 05:20:48,854 - INFO - Files cleaned up: 0
2025-07-29 05:20:48,854 - INFO - Errors: 0
2025-07-29 05:21:44,002 - WARNING - R2 credentials not provided. Set via environment variables or parameters.
2025-07-29 05:21:44,002 - INFO - Found matching file: 2930231616030-385606561555351_00001_.png
2025-07-29 05:21:44,002 - INFO - Found 1 matching PNG files
2025-07-29 05:21:44,002 - INFO - Processed filename: 2930231616030-385606561555351_00001_.png -> 2930231616030.jpg (seed: 385606561555351)
2025-07-29 05:21:44,017 - INFO - Converted 2930231616030-385606561555351_00001_.png to 2930231616030.jpg
2025-07-29 05:21:44,017 - WARNING - Filename doesn't match expected pattern: 2930231616030
2025-07-29 05:21:44,017 - INFO - ==================================================
2025-07-29 05:21:44,018 - INFO - PROCESSING SUMMARY
2025-07-29 05:21:44,018 - INFO - ==================================================
2025-07-29 05:21:44,018 - INFO - Files processed: 1
2025-07-29 05:21:44,018 - INFO - Successfully converted: 1
2025-07-29 05:21:44,018 - INFO - Successfully uploaded: 1
2025-07-29 05:21:44,018 - INFO - Files cleaned up: 0
2025-07-29 05:21:44,018 - INFO - Errors: 0
2025-07-29 05:22:21,043 - WARNING - R2 credentials not provided. Set via environment variables or parameters.
2025-07-29 05:22:21,044 - INFO - Found matching file: 2930231616030-385606561555351_00001_.png
2025-07-29 05:22:21,044 - INFO - Found 1 matching PNG files
2025-07-29 05:22:21,044 - INFO - Processed filename: 2930231616030-385606561555351_00001_.png -> 2930231616030.jpg (seed: 385606561555351)
2025-07-29 05:22:21,058 - INFO - Converted 2930231616030-385606561555351_00001_.png to 2930231616030.jpg
2025-07-29 05:22:21,059 - WARNING - Filename doesn't match expected pattern: 2930231616030
2025-07-29 05:22:21,059 - INFO - Removed original PNG: 2930231616030-385606561555351_00001_.png
2025-07-29 05:22:21,059 - INFO - Removed converted JPG: 2930231616030.jpg
2025-07-29 05:22:21,059 - INFO - ==================================================
2025-07-29 05:22:21,059 - INFO - PROCESSING SUMMARY
2025-07-29 05:22:21,059 - INFO - ==================================================
2025-07-29 05:22:21,059 - INFO - Files processed: 1
2025-07-29 05:22:21,059 - INFO - Successfully converted: 1
2025-07-29 05:22:21,059 - INFO - Successfully uploaded: 1
2025-07-29 05:22:21,059 - INFO - Files cleaned up: 1
2025-07-29 05:22:21,059 - INFO - Errors: 0
2025-07-29 05:27:51,712 - WARNING - R2 credentials not provided. Set via environment variables or parameters.
2025-07-29 05:27:51,712 - INFO - Found 0 matching PNG files
2025-07-29 05:27:51,712 - INFO - ==================================================
2025-07-29 05:27:51,712 - INFO - PROCESSING SUMMARY
2025-07-29 05:27:51,712 - INFO - ==================================================
2025-07-29 05:27:51,712 - INFO - Files processed: 0
2025-07-29 05:27:51,712 - INFO - Successfully converted: 0
2025-07-29 05:27:51,712 - INFO - Successfully uploaded: 0
2025-07-29 05:27:51,712 - INFO - Files cleaned up: 0
2025-07-29 05:27:51,712 - INFO - Errors: 0
2025-07-29 05:28:03,007 - WARNING - R2 credentials not provided. Set via environment variables or parameters.
2025-07-29 05:28:03,008 - INFO - Found matching file: 2930231616030-385606561555351_00001_.png
2025-07-29 05:28:03,008 - INFO - Found 1 matching PNG files
2025-07-29 05:28:03,008 - INFO - Processed filename: 2930231616030-385606561555351_00001_.png -> 2930231616030.jpg (seed: 385606561555351)
2025-07-29 05:28:03,022 - INFO - Converted 2930231616030-385606561555351_00001_.png to 2930231616030.jpg
2025-07-29 05:28:03,022 - WARNING - Filename doesn't match expected pattern: 2930231616030
2025-07-29 05:28:03,022 - INFO - Removed original PNG: 2930231616030-385606561555351_00001_.png
2025-07-29 05:28:03,022 - INFO - Kept converted JPG: 2930231616030.jpg
2025-07-29 05:28:03,023 - INFO - ==================================================
2025-07-29 05:28:03,023 - INFO - PROCESSING SUMMARY
2025-07-29 05:28:03,023 - INFO - ==================================================
2025-07-29 05:28:03,023 - INFO - Files processed: 1
2025-07-29 05:28:03,023 - INFO - Successfully converted: 1
2025-07-29 05:28:03,023 - INFO - Successfully uploaded: 1
2025-07-29 05:28:03,023 - INFO - Files cleaned up: 1
2025-07-29 05:28:03,023 - INFO - Errors: 0
2025-07-29 05:30:37,327 - INFO - R2 client initialized successfully
2025-07-29 05:30:37,330 - INFO - Found matching file: 2930231616030-385606561555351_00001_.png
2025-07-29 05:30:37,330 - INFO - Found 1 matching PNG files
2025-07-29 05:30:37,330 - INFO - Processed filename: 2930231616030-385606561555351_00001_.png -> 2930231616030.jpg (seed: 385606561555351)
2025-07-29 05:30:37,351 - INFO - Converted 2930231616030-385606561555351_00001_.png to 2930231616030.jpg
2025-07-29 05:30:37,351 - WARNING - Filename doesn't match expected pattern: 2930231616030
2025-07-29 05:30:38,222 - INFO - Successfully uploaded 2930231616030.jpg to R2 as 2930231616030.jpg
2025-07-29 05:30:38,223 - INFO - Removed original PNG: 2930231616030-385606561555351_00001_.png
2025-07-29 05:30:38,223 - INFO - Kept converted JPG: 2930231616030.jpg
2025-07-29 05:30:38,223 - INFO - ==================================================
2025-07-29 05:30:38,223 - INFO - PROCESSING SUMMARY
2025-07-29 05:30:38,223 - INFO - ==================================================
2025-07-29 05:30:38,224 - INFO - Files processed: 1
2025-07-29 05:30:38,224 - INFO - Successfully converted: 1
2025-07-29 05:30:38,224 - INFO - Successfully uploaded: 1
2025-07-29 05:30:38,224 - INFO - Files cleaned up: 1
2025-07-29 05:30:38,224 - INFO - Errors: 0
2025-07-29 05:31:42,001 - INFO - R2 client initialized successfully
2025-07-29 05:31:42,001 - INFO - Found matching file: 2930231616030-385606561555351_00001_.png
2025-07-29 05:31:42,001 - INFO - Found 1 matching PNG files
2025-07-29 05:31:42,001 - INFO - Processed filename: 2930231616030-385606561555351_00001_.png -> 2930231616030.jpg (seed: 385606561555351)
2025-07-29 05:31:42,016 - INFO - Converted 2930231616030-385606561555351_00001_.png to 2930231616030.jpg
2025-07-29 05:31:42,016 - WARNING - Filename doesn't match expected pattern: 2930231616030
2025-07-29 05:31:43,018 - INFO - Successfully uploaded 2930231616030.jpg to R2 as 2930231616030.jpg
2025-07-29 05:31:43,019 - INFO - Removed original PNG: 2930231616030-385606561555351_00001_.png
2025-07-29 05:31:43,019 - INFO - Kept converted JPG: 2930231616030.jpg
2025-07-29 05:31:43,019 - INFO - ==================================================
2025-07-29 05:31:43,019 - INFO - PROCESSING SUMMARY
2025-07-29 05:31:43,019 - INFO - ==================================================
2025-07-29 05:31:43,020 - INFO - Files processed: 1
2025-07-29 05:31:43,020 - INFO - Successfully converted: 1
2025-07-29 05:31:43,020 - INFO - Successfully uploaded: 1
2025-07-29 05:31:43,020 - INFO - Files cleaned up: 1
2025-07-29 05:31:43,020 - INFO - Errors: 0
2025-07-29 05:32:54,887 - INFO - R2 client initialized successfully
2025-07-29 05:32:54,888 - INFO - Found 0 matching PNG files
2025-07-29 05:32:54,888 - INFO - ==================================================
2025-07-29 05:32:54,888 - INFO - PROCESSING SUMMARY
2025-07-29 05:32:54,888 - INFO - ==================================================
2025-07-29 05:32:54,888 - INFO - Files processed: 0
2025-07-29 05:32:54,888 - INFO - Successfully converted: 0
2025-07-29 05:32:54,888 - INFO - Successfully uploaded: 0
2025-07-29 05:32:54,888 - INFO - Files cleaned up: 0
2025-07-29 05:32:54,888 - INFO - Errors: 0
2025-07-29 05:33:18,996 - INFO - R2 client initialized successfully
2025-07-29 05:33:18,996 - INFO - Found matching file: 2930231616030-385606561555351_00001_.png
2025-07-29 05:33:18,996 - INFO - Found 1 matching PNG files
2025-07-29 05:33:18,996 - INFO - Processed filename: 2930231616030-385606561555351_00001_.png -> 2930231616030.jpg (seed: 385606561555351)
2025-07-29 05:33:19,012 - INFO - Converted 2930231616030-385606561555351_00001_.png to 2930231616030.jpg
2025-07-29 05:33:19,012 - WARNING - Filename doesn't match expected pattern: 2930231616030
2025-07-29 05:33:19,012 - INFO - No metadata to add
2025-07-29 05:33:19,992 - INFO - Successfully uploaded 2930231616030.jpg to R2 as 2930231616030.jpg
2025-07-29 05:33:19,993 - INFO - Removed original PNG: 2930231616030-385606561555351_00001_.png
2025-07-29 05:33:19,993 - INFO - Removed converted JPG: 2930231616030.jpg
2025-07-29 05:33:19,993 - INFO - ==================================================
2025-07-29 05:33:19,993 - INFO - PROCESSING SUMMARY
2025-07-29 05:33:19,994 - INFO - ==================================================
2025-07-29 05:33:19,994 - INFO - Files processed: 1
2025-07-29 05:33:19,994 - INFO - Successfully converted: 1
2025-07-29 05:33:19,994 - INFO - Successfully uploaded: 1
2025-07-29 05:33:19,994 - INFO - Files cleaned up: 1
2025-07-29 05:33:19,994 - INFO - Errors: 0
2025-07-29 05:34:34,915 - INFO - R2 client initialized successfully
2025-07-29 05:34:34,915 - INFO - Found matching file: 2930231616030-385606561555351_00001_.png
2025-07-29 05:34:34,915 - INFO - Found 1 matching PNG files
2025-07-29 05:34:34,915 - INFO - Processed filename: 2930231616030-385606561555351_00001_.png -> 2930231616030.jpg (seed: 385606561555351)
2025-07-29 05:34:34,930 - INFO - Converted 2930231616030-385606561555351_00001_.png to 2930231616030.jpg
2025-07-29 05:34:34,930 - INFO - Processed filename: 2930231616030-385606561555351_00001_.png -> 2930231616030.jpg (seed: 385606561555351)
2025-07-29 05:34:34,930 - WARNING - Filename doesn't match expected pattern: 2930231616030
2025-07-29 05:34:34,930 - INFO - Adding metadata: {'seed': '385606561555351'}
2025-07-29 05:34:35,455 - INFO - Successfully uploaded 2930231616030.jpg to R2 as 2930231616030.jpg
2025-07-29 05:34:35,456 - INFO - Removed original PNG: 2930231616030-385606561555351_00001_.png
2025-07-29 05:34:35,456 - INFO - Removed converted JPG: 2930231616030.jpg
2025-07-29 05:34:35,456 - INFO - ==================================================
2025-07-29 05:34:35,456 - INFO - PROCESSING SUMMARY
2025-07-29 05:34:35,456 - INFO - ==================================================
2025-07-29 05:34:35,456 - INFO - Files processed: 1
2025-07-29 05:34:35,456 - INFO - Successfully converted: 1
2025-07-29 05:34:35,456 - INFO - Successfully uploaded: 1
2025-07-29 05:34:35,456 - INFO - Files cleaned up: 1
2025-07-29 05:34:35,456 - INFO - Errors: 0
